Conda environment initialized
java -ea -Xms300m -cp /data/gpfs/projects/punim2251/anaconda3/envs/bbmap_env/opt/bbmap-38.90-2/current/ jgi.ReformatReads in=/data/gpfs/projects/punim2251/Neurodevelopmental_Models/iPSC_Neuron_Diff/matched_reads.fastq out=/data/gpfs/projects/punim2251/Aim1_LongBench/ReadRarefaction_wFixedCells/data/iPSC_D55_Rarefaction/temp.fastq samplerate=1.0 sampleseed=42 qin=33
Executing jgi.ReformatReads [in=/data/gpfs/projects/punim2251/Neurodevelopmental_Models/iPSC_Neuron_Diff/matched_reads.fastq, out=/data/gpfs/projects/punim2251/Aim1_LongBench/ReadRarefaction_wFixedCells/data/iPSC_D55_Rarefaction/temp.fastq, samplerate=1.0, sampleseed=42, qin=33]

Input is being processed as unpaired
Input:                  	8023429 reads          	9285946797 bases
Output:                 	8023429 reads (100.00%) 	9285946797 bases (100.00%)

Time:                         	26.170 seconds.
Reads Processed:       8023k 	306.59k reads/sec
Bases Processed:       9285m 	354.83m bases/sec
Added median reads per barcode into log
Sampling rate 1.0 median reads per barcode stored
java -ea -Xms300m -cp /data/gpfs/projects/punim2251/anaconda3/envs/bbmap_env/opt/bbmap-38.90-2/current/ jgi.ReformatReads in=/data/gpfs/projects/punim2251/Neurodevelopmental_Models/iPSC_Neuron_Diff/matched_reads.fastq out=/data/gpfs/projects/punim2251/Aim1_LongBench/ReadRarefaction_wFixedCells/data/iPSC_D55_Rarefaction/temp.fastq samplerate=0.90 sampleseed=42 qin=33
Executing jgi.ReformatReads [in=/data/gpfs/projects/punim2251/Neurodevelopmental_Models/iPSC_Neuron_Diff/matched_reads.fastq, out=/data/gpfs/projects/punim2251/Aim1_LongBench/ReadRarefaction_wFixedCells/data/iPSC_D55_Rarefaction/temp.fastq, samplerate=0.90, sampleseed=42, qin=33]

Input is being processed as unpaired
Input:                  	8023429 reads          	9285946797 bases
Processed:              	7220861 reads          	8357177139 bases
Output:                 	7220861 reads (90.00%) 	8357177139 bases (90.00%)

Time:                         	21.981 seconds.
Reads Processed:       7220k 	328.50k reads/sec
Bases Processed:       8357m 	380.20m bases/sec
Added median reads per barcode into log
Sampling rate 0.90 median reads per barcode stored
java -ea -Xms300m -cp /data/gpfs/projects/punim2251/anaconda3/envs/bbmap_env/opt/bbmap-38.90-2/current/ jgi.ReformatReads in=/data/gpfs/projects/punim2251/Neurodevelopmental_Models/iPSC_Neuron_Diff/matched_reads.fastq out=/data/gpfs/projects/punim2251/Aim1_LongBench/ReadRarefaction_wFixedCells/data/iPSC_D55_Rarefaction/temp.fastq samplerate=0.80 sampleseed=42 qin=33
Executing jgi.ReformatReads [in=/data/gpfs/projects/punim2251/Neurodevelopmental_Models/iPSC_Neuron_Diff/matched_reads.fastq, out=/data/gpfs/projects/punim2251/Aim1_LongBench/ReadRarefaction_wFixedCells/data/iPSC_D55_Rarefaction/temp.fastq, samplerate=0.80, sampleseed=42, qin=33]

Input is being processed as unpaired
Input:                  	8023429 reads          	9285946797 bases
Processed:              	6419231 reads          	7429387259 bases
Output:                 	6419231 reads (80.01%) 	7429387259 bases (80.01%)

Time:                         	22.630 seconds.
Reads Processed:       6419k 	283.66k reads/sec
Bases Processed:       7429m 	328.30m bases/sec
Added median reads per barcode into log
Sampling rate 0.80 median reads per barcode stored
java -ea -Xms300m -cp /data/gpfs/projects/punim2251/anaconda3/envs/bbmap_env/opt/bbmap-38.90-2/current/ jgi.ReformatReads in=/data/gpfs/projects/punim2251/Neurodevelopmental_Models/iPSC_Neuron_Diff/matched_reads.fastq out=/data/gpfs/projects/punim2251/Aim1_LongBench/ReadRarefaction_wFixedCells/data/iPSC_D55_Rarefaction/temp.fastq samplerate=0.70 sampleseed=42 qin=33
Executing jgi.ReformatReads [in=/data/gpfs/projects/punim2251/Neurodevelopmental_Models/iPSC_Neuron_Diff/matched_reads.fastq, out=/data/gpfs/projects/punim2251/Aim1_LongBench/ReadRarefaction_wFixedCells/data/iPSC_D55_Rarefaction/temp.fastq, samplerate=0.70, sampleseed=42, qin=33]

Input is being processed as unpaired
Input:                  	8023429 reads          	9285946797 bases
Processed:              	5615772 reads          	6499831977 bases
Output:                 	5615772 reads (69.99%) 	6499831977 bases (70.00%)

Time:                         	20.973 seconds.
Reads Processed:       5615k 	267.76k reads/sec
Bases Processed:       6499m 	309.91m bases/sec
Added median reads per barcode into log
Sampling rate 0.70 median reads per barcode stored
java -ea -Xms300m -cp /data/gpfs/projects/punim2251/anaconda3/envs/bbmap_env/opt/bbmap-38.90-2/current/ jgi.ReformatReads in=/data/gpfs/projects/punim2251/Neurodevelopmental_Models/iPSC_Neuron_Diff/matched_reads.fastq out=/data/gpfs/projects/punim2251/Aim1_LongBench/ReadRarefaction_wFixedCells/data/iPSC_D55_Rarefaction/temp.fastq samplerate=0.60 sampleseed=42 qin=33
Executing jgi.ReformatReads [in=/data/gpfs/projects/punim2251/Neurodevelopmental_Models/iPSC_Neuron_Diff/matched_reads.fastq, out=/data/gpfs/projects/punim2251/Aim1_LongBench/ReadRarefaction_wFixedCells/data/iPSC_D55_Rarefaction/temp.fastq, samplerate=0.60, sampleseed=42, qin=33]

Input is being processed as unpaired
Input:                  	8023429 reads          	9285946797 bases
Processed:              	4814013 reads          	5571805014 bases
Output:                 	4814013 reads (60.00%) 	5571805014 bases (60.00%)

Time:                         	21.957 seconds.
Reads Processed:       4814k 	219.25k reads/sec
Bases Processed:       5571m 	253.76m bases/sec
Added median reads per barcode into log
Sampling rate 0.60 median reads per barcode stored
java -ea -Xms300m -cp /data/gpfs/projects/punim2251/anaconda3/envs/bbmap_env/opt/bbmap-38.90-2/current/ jgi.ReformatReads in=/data/gpfs/projects/punim2251/Neurodevelopmental_Models/iPSC_Neuron_Diff/matched_reads.fastq out=/data/gpfs/projects/punim2251/Aim1_LongBench/ReadRarefaction_wFixedCells/data/iPSC_D55_Rarefaction/temp.fastq samplerate=0.50 sampleseed=42 qin=33
Executing jgi.ReformatReads [in=/data/gpfs/projects/punim2251/Neurodevelopmental_Models/iPSC_Neuron_Diff/matched_reads.fastq, out=/data/gpfs/projects/punim2251/Aim1_LongBench/ReadRarefaction_wFixedCells/data/iPSC_D55_Rarefaction/temp.fastq, samplerate=0.50, sampleseed=42, qin=33]

Input is being processed as unpaired
Input:                  	8023429 reads          	9285946797 bases
Processed:              	4010414 reads          	4641267709 bases
Output:                 	4010414 reads (49.98%) 	4641267709 bases (49.98%)

Time:                         	20.081 seconds.
Reads Processed:       4010k 	199.71k reads/sec
Bases Processed:       4641m 	231.13m bases/sec
Added median reads per barcode into log
Sampling rate 0.50 median reads per barcode stored
java -ea -Xms300m -cp /data/gpfs/projects/punim2251/anaconda3/envs/bbmap_env/opt/bbmap-38.90-2/current/ jgi.ReformatReads in=/data/gpfs/projects/punim2251/Neurodevelopmental_Models/iPSC_Neuron_Diff/matched_reads.fastq out=/data/gpfs/projects/punim2251/Aim1_LongBench/ReadRarefaction_wFixedCells/data/iPSC_D55_Rarefaction/temp.fastq samplerate=0.40 sampleseed=42 qin=33
Executing jgi.ReformatReads [in=/data/gpfs/projects/punim2251/Neurodevelopmental_Models/iPSC_Neuron_Diff/matched_reads.fastq, out=/data/gpfs/projects/punim2251/Aim1_LongBench/ReadRarefaction_wFixedCells/data/iPSC_D55_Rarefaction/temp.fastq, samplerate=0.40, sampleseed=42, qin=33]

Input is being processed as unpaired
Input:                  	8023429 reads          	9285946797 bases
Processed:              	3208581 reads          	3712964443 bases
Output:                 	3208581 reads (39.99%) 	3712964443 bases (39.98%)

Time:                         	21.356 seconds.
Reads Processed:       3208k 	150.25k reads/sec
Bases Processed:       3712m 	173.86m bases/sec
Added median reads per barcode into log
Sampling rate 0.40 median reads per barcode stored
java -ea -Xms300m -cp /data/gpfs/projects/punim2251/anaconda3/envs/bbmap_env/opt/bbmap-38.90-2/current/ jgi.ReformatReads in=/data/gpfs/projects/punim2251/Neurodevelopmental_Models/iPSC_Neuron_Diff/matched_reads.fastq out=/data/gpfs/projects/punim2251/Aim1_LongBench/ReadRarefaction_wFixedCells/data/iPSC_D55_Rarefaction/temp.fastq samplerate=0.30 sampleseed=42 qin=33
Executing jgi.ReformatReads [in=/data/gpfs/projects/punim2251/Neurodevelopmental_Models/iPSC_Neuron_Diff/matched_reads.fastq, out=/data/gpfs/projects/punim2251/Aim1_LongBench/ReadRarefaction_wFixedCells/data/iPSC_D55_Rarefaction/temp.fastq, samplerate=0.30, sampleseed=42, qin=33]

Input is being processed as unpaired
Input:                  	8023429 reads          	9285946797 bases
Processed:              	2404978 reads          	2783125768 bases
Output:                 	2404978 reads (29.97%) 	2783125768 bases (29.97%)

Time:                         	19.658 seconds.
Reads Processed:       2404k 	122.34k reads/sec
Bases Processed:       2783m 	141.58m bases/sec
Added median reads per barcode into log
Sampling rate 0.30 median reads per barcode stored
java -ea -Xms300m -cp /data/gpfs/projects/punim2251/anaconda3/envs/bbmap_env/opt/bbmap-38.90-2/current/ jgi.ReformatReads in=/data/gpfs/projects/punim2251/Neurodevelopmental_Models/iPSC_Neuron_Diff/matched_reads.fastq out=/data/gpfs/projects/punim2251/Aim1_LongBench/ReadRarefaction_wFixedCells/data/iPSC_D55_Rarefaction/temp.fastq samplerate=0.20 sampleseed=42 qin=33
Executing jgi.ReformatReads [in=/data/gpfs/projects/punim2251/Neurodevelopmental_Models/iPSC_Neuron_Diff/matched_reads.fastq, out=/data/gpfs/projects/punim2251/Aim1_LongBench/ReadRarefaction_wFixedCells/data/iPSC_D55_Rarefaction/temp.fastq, samplerate=0.20, sampleseed=42, qin=33]

Input is being processed as unpaired
Input:                  	8023429 reads          	9285946797 bases
Processed:              	1602401 reads          	1854232625 bases
Output:                 	1602401 reads (19.97%) 	1854232625 bases (19.97%)

Time:                         	17.172 seconds.
Reads Processed:       1602k 	93.31k reads/sec
Bases Processed:       1854m 	107.98m bases/sec
Added median reads per barcode into log
Sampling rate 0.20 median reads per barcode stored
java -ea -Xms300m -cp /data/gpfs/projects/punim2251/anaconda3/envs/bbmap_env/opt/bbmap-38.90-2/current/ jgi.ReformatReads in=/data/gpfs/projects/punim2251/Neurodevelopmental_Models/iPSC_Neuron_Diff/matched_reads.fastq out=/data/gpfs/projects/punim2251/Aim1_LongBench/ReadRarefaction_wFixedCells/data/iPSC_D55_Rarefaction/temp.fastq samplerate=0.10 sampleseed=42 qin=33
Executing jgi.ReformatReads [in=/data/gpfs/projects/punim2251/Neurodevelopmental_Models/iPSC_Neuron_Diff/matched_reads.fastq, out=/data/gpfs/projects/punim2251/Aim1_LongBench/ReadRarefaction_wFixedCells/data/iPSC_D55_Rarefaction/temp.fastq, samplerate=0.10, sampleseed=42, qin=33]

Input is being processed as unpaired
Input:                  	8023429 reads          	9285946797 bases
Processed:              	801420 reads          	926985460 bases
Output:                 	801420 reads (9.99%) 	926985460 bases (9.98%)

Time:                         	15.511 seconds.
Reads Processed:        801k 	51.67k reads/sec
Bases Processed:        926m 	59.76m bases/sec
Added median reads per barcode into log
Sampling rate 0.10 median reads per barcode stored
java -ea -Xms300m -cp /data/gpfs/projects/punim2251/anaconda3/envs/bbmap_env/opt/bbmap-38.90-2/current/ jgi.ReformatReads in=/data/gpfs/projects/punim2251/Neurodevelopmental_Models/iPSC_Neuron_Diff/matched_reads.fastq out=/data/gpfs/projects/punim2251/Aim1_LongBench/ReadRarefaction_wFixedCells/data/iPSC_D55_Rarefaction/temp.fastq samplerate=0.01 sampleseed=42 qin=33
Executing jgi.ReformatReads [in=/data/gpfs/projects/punim2251/Neurodevelopmental_Models/iPSC_Neuron_Diff/matched_reads.fastq, out=/data/gpfs/projects/punim2251/Aim1_LongBench/ReadRarefaction_wFixedCells/data/iPSC_D55_Rarefaction/temp.fastq, samplerate=0.01, sampleseed=42, qin=33]

Input is being processed as unpaired
Input:                  	8023429 reads          	9285946797 bases
Processed:              	80085 reads          	92780942 bases
Output:                 	80085 reads (1.00%) 	92780942 bases (1.00%)

Time:                         	13.928 seconds.
Reads Processed:       80085 	5.75k reads/sec
Bases Processed:      92780k 	6.66m bases/sec
Added median reads per barcode into log
Sampling rate 0.01 median reads per barcode stored
